C51 COMPILER V9.52.0.0   LCD1602                                                           09/15/2015 14:57:01 PAGE 1   


C51 COMPILER V9.52.0.0, COMPILATION OF MODULE LCD1602
OBJECT MODULE PLACED IN lcd1602.OBJ
COMPILER INVOKED BY: C:\Keil\C51\BIN\C51.EXE lcd1602.c LARGE BROWSE DEBUG OBJECTEXTEND

line level    source

   1          #include <myhead.h>
   2          
   3          void lcd_delay(int z)
   4          {
   5   1              int a,b;
   6   1              for(a=z;a>0;a--)
   7   1              for(b=30;b>0;b--);
   8   1      }
   9          
  10          void write_com_1602_morefree (unsigned char com)
  11          {
  12   1               
  13   1                lcdrs=0;
  14   1                lcdrw=0;
  15   1                P0=com;
  16   1                lcd_delay(5);
  17   1                lcden=1;
  18   1                lcd_delay(5);
  19   1                lcden=0;
  20   1      }
  21          void write_date_1602_morefree (unsigned char date)
  22          {
  23   1          
  24   1                lcdrs=1;
  25   1                lcdrw=0;
  26   1                P0=date;
  27   1                lcd_delay(5);
  28   1                lcden=1;
  29   1                lcd_delay(5);
  30   1                lcden=0;
  31   1      } 
  32          void init_1602_morefree()
  33          {
  34   1              lcdrw=0;
  35   1              lcden=0;
  36   1              lcdrw=0;
  37   1              write_com_1602_morefree(0x38);
  38   1              write_com_1602_morefree(0x0c);
  39   1              write_com_1602_morefree(0x06);
  40   1              write_com_1602_morefree(0x01);
  41   1      }
  42          /*
  43          void android_control_lcd1602()
  44          {
  45                  int i = 0;
  46                  write_com_1602_morefree(0x80);
  47              sprintf(tab1, "     Android     ");
  48                  sprintf(tab2, "   Controlling          ");
  49                  for(i=0;i<strlen("     Android     ");i++)
  50                  {
  51                          write_date_1602_morefree(tab1[i]);
  52                          lcd_delay(5);
  53                  }
  54                          
  55                  write_com_1602_morefree(0x80+0x40);
C51 COMPILER V9.52.0.0   LCD1602                                                           09/15/2015 14:57:01 PAGE 2   

  56                  for(i=0;i<strlen("   Controlling          ");i++)
  57                  {
  58                          write_date_1602_morefree(tab2[i]);
  59                          lcd_delay(5);
  60                  }
  61          }
  62          */
  63          void normal_lcd1602_show()
  64          {
  65   1              int i = 0;
  66   1              write_com_1602_morefree(0x80);
  67   1              if(TH > 70)
  68   1              {
  69   2                      sprintf(tab1, "  T:OFF  R:OFF       ", TH, RH);
  70   2                      sprintf(tab2, "   %s     ", ledstr2);
  71   2              }
  72   1              else
  73   1              {
  74   2                      sprintf(tab1, "  T = %d R = %d       ", TH, RH);
  75   2                      sprintf(tab2, "   %s     ", ledstr2);
  76   2              }
  77   1              
  78   1              for(i=0;i<strlen(tab1);i++)
  79   1              {
  80   2                      write_date_1602_morefree(tab1[i]);
  81   2                      lcd_delay(5);
  82   2              }
  83   1                      
  84   1              write_com_1602_morefree(0x80+0x40);
  85   1              for(i=0;i<strlen(tab2);i++)
  86   1              {
  87   2                      write_date_1602_morefree(tab2[i]);
  88   2                      lcd_delay(5);
  89   2              }
  90   1      }
  91          
  92          void welcome()
  93          {
  94   1              int i = 0;
  95   1              write_com_1602_morefree(0x80);
  96   1          sprintf(tab1, "    Welcome      ");
  97   1              sprintf(tab2, "   Starting...          ");
  98   1              for(i=0;i<strlen(tab1);i++)
  99   1              {
 100   2                      write_date_1602_morefree(tab1[i]);
 101   2                      lcd_delay(5);
 102   2              }
 103   1                      
 104   1              write_com_1602_morefree(0x80+0x40);
 105   1              for(i=0;i<strlen(tab2);i++)
 106   1              {
 107   2                      write_date_1602_morefree(tab2[i]);
 108   2                      lcd_delay(5);
 109   2              }
 110   1      }


MODULE INFORMATION:   STATIC OVERLAYABLE
   CODE SIZE        =    540    ----
   CONSTANT SIZE    =     99    ----
   XDATA SIZE       =   ----       4
   PDATA SIZE       =   ----    ----
C51 COMPILER V9.52.0.0   LCD1602                                                           09/15/2015 14:57:01 PAGE 3   

   DATA SIZE        =   ----    ----
   IDATA SIZE       =   ----    ----
   BIT SIZE         =   ----    ----
END OF MODULE INFORMATION.


C51 COMPILATION COMPLETE.  0 WARNING(S),  0 ERROR(S)
