C51 COMPILER V9.52.0.0   STEERING                                                          09/15/2015 14:57:01 PAGE 1   


C51 COMPILER V9.52.0.0, COMPILATION OF MODULE STEERING
OBJECT MODULE PLACED IN steering.OBJ
COMPILER INVOKED BY: C:\Keil\C51\BIN\C51.EXE steering.c LARGE BROWSE DEBUG OBJECTEXTEND

line level    source

   1          #include <myhead.h>
   2          unsigned int pwm_value=1500;
   3          
   4          int interrupt1_lock = 0;
   5          int interrupt3_lock = 0;
   6          
   7          void delay_ms_steering(unsigned int x)
   8          {
   9   1              unsigned int i;
  10   1              while(x--)for(i=0;i<125;i++);
  11   1      }
  12          
  13          unsigned int turn(int degree)
  14          {
  15   1          unsigned int temp;
  16   1              float temp2;
  17   1              temp2 = (2000 / 180)*degree + 500;
  18   1              temp2 = (temp2 / (180 + 30)) * 180;
  19   1              temp = (unsigned int)temp2;
  20   1              return temp;
  21   1      }
  22          /*
  23          void turn_90()
  24          {
  25              stop_interrupt();
  26                  pwm_value = turn(90);
  27                  InitSteering();
  28                  interrupt1_lock = 1;
  29                  interrupt3_lock = 1;
  30                          
  31                  delay_ms_steering(1000);
  32                  delay_ms_steering(1000);
  33                  delay_ms_steering(500);
  34                  StopSteering();
  35                  start_interrupt();
  36                  sendstr("OK\n");
  37                  interrupt1_lock = 0;
  38                  interrupt3_lock = 0;
  39          }
  40          */


MODULE INFORMATION:   STATIC OVERLAYABLE
   CODE SIZE        =     72    ----
   CONSTANT SIZE    =   ----    ----
   XDATA SIZE       =      6    ----
   PDATA SIZE       =   ----    ----
   DATA SIZE        =   ----    ----
   IDATA SIZE       =   ----    ----
   BIT SIZE         =   ----    ----
END OF MODULE INFORMATION.


C51 COMPILATION COMPLETE.  0 WARNING(S),  0 ERROR(S)
