C51 COMPILER V9.52.0.0   SYSTEM_INIT                                                       09/15/2015 14:57:01 PAGE 1   


C51 COMPILER V9.52.0.0, COMPILATION OF MODULE SYSTEM_INIT
OBJECT MODULE PLACED IN system_init.OBJ
COMPILER INVOKED BY: C:\Keil\C51\BIN\C51.EXE system_init.c LARGE BROWSE DEBUG OBJECTEXTEND

line level    source

   1          #include <myhead.h>
   2          unsigned short T_PCA0;     
   3          unsigned short T_PCA1;
   4          void system_init(void)
   5          {
   6   1      /*********************** 
   7   1              定时器T1波特率产生器    串口1   TxD/P3.1  RxD/P3.0
   8   1              *****************/
   9   1              TMOD=0x20;                      //设置定时器一为工作方式2
  10   1              TH1=0xfd;                       //设置波特率为9600
  11   1              TL1=0xfd;
  12   1      
  13   1              TR1=1;
  14   1              REN=1;
  15   1              SM0=0;
  16   1              SM1=1;
  17   1              EA=1;
  18   1              ES=1;   
  19   1              //TI = 1;            //允许使用printf
  20   1              PS = 1;
  21   1              
  22   1      /**************************
  23   1              独立波特率产生器     串口2      TxD2/P1.3   RxD2/P1.2
  24   1              ********************/
  25   1              
  26   1              S2CON=  0x50;                   //串口2工作在方式1  10位异步首发 S2REN = 1 允许接收     
  27   1              BRT = 0xfd;                             //设置波特率为9600
  28   1              AUXR =  AUXR |0X10;             //允许波特率发生器运行
  29   1              AUXR1 =  AUXR1 & 0xef;  //S2_P4=0,将uart2切换到P1口
  30   1              IE2  =  IE2 | 0X01;         //允许串口2中断
  31   1              
  32   1              IP2 = 0X00;
  33   1              IPH2 = 0X00;
  34   1              //PSPI = 0;
  35   1              //turn_90();
  36   1              init_1602_morefree();
  37   1              write_com_1602_morefree(0x80);
  38   1              welcome();
  39   1              PCA_init();
  40   1              //Delay100us();      
  41   1      }
  42          
  43          void stop_interrupt()
  44          {
  45   1          TR1 = 0;
  46   1              EA = 0;
  47   1              
  48   1              interrupt1_lock = 0;
  49   1              interrupt3_lock = 0;
  50   1      }
  51          
  52          void start_interrupt()
  53          {
  54   1          TMOD=0x20;                  //设置定时器一为工作方式2
  55   1              TH1=0xfd;                       //设置波特率为9600
C51 COMPILER V9.52.0.0   SYSTEM_INIT                                                       09/15/2015 14:57:01 PAGE 2   

  56   1              TL1=0xfd;
  57   1              TR1=1;
  58   1              REN=1;
  59   1              SM0=0;
  60   1              SM1=1;
  61   1              EA=1;
  62   1              ES=1;   
  63   1              
  64   1              S2CON = 0x50;                   //串口2工作在方式1  10位异步首发 S2REN = 1 允许接收     
  65   1              BRT = 0xfd;                             //设置波特率为9600
  66   1              AUXR = AUXR |0X10;              //允许波特率发生器运行
  67   1              AUXR1 = AUXR1 & 0xef;   //S2_P4=0,将uart2切换到P1口
  68   1              IE2 = IE2 | 0X01;           //允许串口2中断
  69   1              
  70   1              interrupt1_lock = 0;
  71   1              interrupt3_lock = 0;
  72   1              
  73   1              EA = 1;
  74   1              TR1 = 1;
  75   1              TR0 = 1;
  76   1              redlight = 1;
  77   1              
  78   1              
  79   1              
  80   1              init_1602_morefree();
  81   1              write_com_1602_morefree(0x80);
  82   1      }
  83          
  84          void InitSteering(void)
  85          {
  86   1              TMOD=0x11;
  87   1              TH0=-20000/256;
  88   1              TL0=-20000%256;
  89   1              TH1=-1500/256;
  90   1              TL1=-1500%256;
  91   1              EA=1;
  92   1              TR0=1;
  93   1              ET0=1;
  94   1              TR1=1;
  95   1              ET1=1;
  96   1              
  97   1      }
  98          
  99          void StopSteering(void)
 100          {
 101   1              ET0 = 0;
 102   1              TR1 = 0;
 103   1              ET1 = 0;
 104   1      
 105   1              EA = 1;
 106   1      }
 107          
 108          void sendstr(char *str)
 109          {
 110   1              int i;
 111   1          int len = strlen(str);
 112   1              char *p = str;
 113   1              
 114   1              for(i = 0; i < len; i++)
 115   1              {
 116   2                      SBUF = *p;
 117   2                      while(!TI);        
C51 COMPILER V9.52.0.0   SYSTEM_INIT                                                       09/15/2015 14:57:01 PAGE 3   

 118   2                      TI = 0;  
 119   2                      p++;
 120   2              }
 121   1      }
 122          
 123          void PCA_init()
 124          {
 125   1          CCON = 0;               //Initial PCA control register
 126   1                                  //PCA timer stop running
 127   1                                  //Clear CF flag
 128   1                                  //Clear all module interrupt flag
 129   1          CL = 0;                 //Reset PCA base timer
 130   1          CH = 0;
 131   1          CMOD = 0x00;
 132   1          T_PCA0 = 46080;      //定时器50ms,11.0592MHZ晶振，T_Value=46080.要两秒需循环
 133   1          CCAP0L = T_PCA0;
 134   1          CCAP0H = T_PCA0 >> 8;   //Initial PCA module-0
 135   1          T_PCA0 += 46080;        //PCA module-0 work in 16-bit timer mode
 136   1          CCAPM0 = 0x49;                     //and enable PCA interrupt            //Set PCA timer clock source 
             -as Fosc/12
 137   1              CR = 1;                 //PCA timer start run
 138   1          EA = 1;                                     //?PCA??          
 139   1      }


MODULE INFORMATION:   STATIC OVERLAYABLE
   CODE SIZE        =    315    ----
   CONSTANT SIZE    =   ----    ----
   XDATA SIZE       =      4       5
   PDATA SIZE       =   ----    ----
   DATA SIZE        =   ----    ----
   IDATA SIZE       =   ----    ----
   BIT SIZE         =   ----    ----
END OF MODULE INFORMATION.


C51 COMPILATION COMPLETE.  0 WARNING(S),  0 ERROR(S)
