C51 COMPILER V9.00   TEMPTURE                                                              02/12/2016 18:09:30 PAGE 1   


C51 COMPILER V9.00, COMPILATION OF MODULE TEMPTURE
OBJECT MODULE PLACED IN tempture.OBJ
COMPILER INVOKED BY: C:\Keil\C51\BIN\C51.EXE tempture.c LARGE BROWSE DEBUG OBJECTEXTEND

line level    source

   1          #include <myhead.h>
   2          
   3          #define uchar unsigned char
   4          #define uint unsigned int
   5          
   6          
   7          U8  U8FLAG, k;
   8          U8  U8count, U8temp;
   9          U8  U8T_data_H, U8T_data_L, U8RH_data_H, U8RH_data_L, U8checkdata;
  10          U8  U8T_data_H_temp, U8T_data_L_temp, U8RH_data_H_temp, U8RH_data_L_temp, U8checkdata_temp;
  11          U8  U8comdata;
  12          U8  outdata[9];  
  13          U8  indata[9];
  14          U8  count, count_r=0;
  15          U8  str[9] = {"RS232"};
  16          U16 U16temp1, U16temp2;
  17          int TL = 0;
  18          int RL = 0;
  19          int TH = 0;
  20          int RH = 0;
  21          
  22          
  23          void Delay_10us()               //@11.0592MHz
  24          {
  25   1              unsigned char i;
  26   1      
  27   1              _nop_();
  28   1              _nop_();
  29   1              _nop_();
  30   1              i = 24;
  31   1              while (--i);
  32   1      }
  33          
  34          void Delay18ms()                //@11.0592MHz
  35          {
  36   1              unsigned char i, j, k;
  37   1      
  38   1              _nop_();
  39   1              _nop_();
  40   1              i = 1;
  41   1              j = 194;
  42   1              k = 159;
  43   1              do
  44   1              {
  45   2                      do
  46   2                      {
  47   3                              while (--k);
  48   3                      } while (--j);
  49   2              } while (--i);
  50   1      }
  51          
  52          void Delay500ms()               //@11.0592MHz
  53          {
  54   1              unsigned char i, j, k;
  55   1      
C51 COMPILER V9.00   TEMPTURE                                                              02/12/2016 18:09:30 PAGE 2   

  56   1              i = 22;
  57   1              j = 3;
  58   1              k = 227;
  59   1              do
  60   1              {
  61   2                      do
  62   2                      {
  63   3                              while (--k);
  64   3                      } while (--j);
  65   2              } while (--i);
  66   1      }
  67          
  68          //----------------------------------------------
  69          void  COM(void)
  70          {
  71   1              U8 i;
  72   1              for(i = 0; i < 8; i ++)    
  73   1              {
  74   2                      U8FLAG=2;       
  75   2                      while((!dht11)&&U8FLAG++);
  76   2                      Delay_10us();
  77   2                      Delay_10us();
  78   2                      Delay_10us();
  79   2                      U8temp=0;
  80   2                      if(dht11)
  81   2                              U8temp=1;
  82   2                      U8FLAG=2;
  83   2                      while((dht11)&&U8FLAG++);
  84   2                                
  85   2                      if(U8FLAG==1)
  86   2                              break;
  87   2                      U8comdata<<=1;
  88   2                      U8comdata|=U8temp;    
  89   2              }
  90   1                 
  91   1      }
  92          
  93          
  94          void RH_(void)
  95          {
  96   1              dht11=0;
  97   1              Delay18ms();
  98   1              dht11=1;
  99   1              Delay_10us();
 100   1              Delay_10us();
 101   1              dht11=1; 
 102   1              if(!dht11)      
 103   1              {
 104   2                      U8FLAG=2;
 105   2                      while((!dht11)&&U8FLAG++);
 106   2                      U8FLAG=2;
 107   2                      while((dht11)&&U8FLAG++);
 108   2                      COM();
 109   2                      U8RH_data_H_temp=U8comdata;
 110   2                      COM();
 111   2                      U8RH_data_L_temp=U8comdata;
 112   2                      COM();
 113   2                      U8T_data_H_temp=U8comdata;
 114   2                      COM();
 115   2                      U8T_data_L_temp=U8comdata;
 116   2                      COM();
 117   2                      U8checkdata_temp=U8comdata;
C51 COMPILER V9.00   TEMPTURE                                                              02/12/2016 18:09:30 PAGE 3   

 118   2                      dht11=1;
 119   2                              
 120   2                      U8temp=(U8T_data_H_temp+U8T_data_L_temp+U8RH_data_H_temp+U8RH_data_L_temp);
 121   2                      if(U8temp==U8checkdata_temp)
 122   2                      {
 123   3                              U8RH_data_H = U8RH_data_H_temp;
 124   3                              U8RH_data_L = U8RH_data_L_temp;
 125   3                              U8T_data_H=U8T_data_H_temp;
 126   3                              U8T_data_L=U8T_data_L_temp;
 127   3                              U8checkdata=U8checkdata_temp;
 128   3                      }
 129   2              }
 130   1      
 131   1      }
 132                  
 133          void gettemperature()
 134          {
 135   1          RH_();              
 136   1              TH = (int)(U8T_data_H);
 137   1              TL = (int)(U8T_data_L);
 138   1              
 139   1              RH = (int)(U8RH_data_H);                
 140   1              RL = (int)(U8RH_data_L);
 141   1              //Delay500ms();
 142   1          //Delay500ms();
 143   1              //Delay500ms();
 144   1              //Delay500ms();
 145   1              //Delay500ms();
 146   1      }


MODULE INFORMATION:   STATIC OVERLAYABLE
   CODE SIZE        =    349    ----
   CONSTANT SIZE    =   ----    ----
   XDATA SIZE       =     56    ----
   PDATA SIZE       =   ----    ----
   DATA SIZE        =   ----    ----
   IDATA SIZE       =   ----    ----
   BIT SIZE         =   ----    ----
END OF MODULE INFORMATION.


C51 COMPILATION COMPLETE.  0 WARNING(S),  0 ERROR(S)
